{"name": "test_loan_cal1", "status": "failed", "statusDetails": {"message": "AssertionError: actual is: 808.59, but expected is: expected_res", "trace": "self = <test_cases.test_financial_cal_project.Test_Others object at 0x000001F21249B070>\n\n    def test_loan_cal1(self):\n>       MobileFlows.loan_calculator(self)\n\ntest_financial_cal_project.py:15: \n_ _ _ _ _ _ _ _ _ _ _ _ _ _ _ _ _ _ _ _ _ _ _ _ _ _ _ _ _ _ _ _ _ _ _ _ _ _ _ _ _ _ _ _ _ _ _ _ _ _ _ _ _ _ _ _ _ _ _ _ _ _ _ _ _\n..\\workfows\\mobile_flows.py:23: in loan_calculator\n    Verifications.verify_equals(page.LoanPage.monthlyPayment(self).text, 'expected_res')\n_ _ _ _ _ _ _ _ _ _ _ _ _ _ _ _ _ _ _ _ _ _ _ _ _ _ _ _ _ _ _ _ _ _ _ _ _ _ _ _ _ _ _ _ _ _ _ _ _ _ _ _ _ _ _ _ _ _ _ _ _ _ _ _ _\n\nactual = '808.59', expected = 'expected_res'\n\n    @staticmethod\n    @allure.step('verify equals')\n    def verify_equals(actual, expected):\n>       assert str(actual) == expected, 'actual is: '+str(actual)+', but expected is: '+str(expected)\nE       AssertionError: actual is: 808.59, but expected is: expected_res\n\n..\\extentions\\verifications.py:9: AssertionError"}, "steps": [{"name": "click", "status": "passed", "parameters": [{"name": "elem", "value": "<appium.webdriver.webelement.WebElement (session=\"3d3fe2c0-4931-4fd4-98b1-ccd41add0f40\", element=\"401\")>"}], "start": 1651176933124, "stop": 1651176933318}, {"name": "update text", "status": "passed", "parameters": [{"name": "elem", "value": "<appium.webdriver.webelement.WebElement (session=\"3d3fe2c0-4931-4fd4-98b1-ccd41add0f40\", element=\"402\")>"}, {"name": "value", "value": "'45000'"}], "start": 1651176935119, "stop": 1651176935998}, {"name": "update text", "status": "passed", "parameters": [{"name": "elem", "value": "<appium.webdriver.webelement.WebElement (session=\"3d3fe2c0-4931-4fd4-98b1-ccd41add0f40\", element=\"403\")>"}, {"name": "value", "value": "'3'"}], "start": 1651176937082, "stop": 1651176937912}, {"name": "update text", "status": "passed", "parameters": [{"name": "elem", "value": "<appium.webdriver.webelement.WebElement (session=\"3d3fe2c0-4931-4fd4-98b1-ccd41add0f40\", element=\"404\")>"}, {"name": "value", "value": "'5'"}], "start": 1651176938559, "stop": 1651176939389}, {"name": "click", "status": "passed", "parameters": [{"name": "elem", "value": "<appium.webdriver.webelement.WebElement (session=\"3d3fe2c0-4931-4fd4-98b1-ccd41add0f40\", element=\"405\")>"}], "start": 1651176939982, "stop": 1651176940138}, {"name": "verify equals", "status": "failed", "statusDetails": {"message": "AssertionError: actual is: 808.59, but expected is: expected_res\n", "trace": "  File \"c:\\appiumproject\\venv\\lib\\site-packages\\allure_commons\\_allure.py\", line 172, in impl\n    return func(*a, **kw)\n  File \"C:\\appiumproject\\extentions\\verifications.py\", line 9, in verify_equals\n    assert str(actual) == expected, 'actual is: '+str(actual)+', but expected is: '+str(expected)\n"}, "parameters": [{"name": "actual", "value": "'808.59'"}, {"name": "expected", "value": "'expected_res'"}], "start": 1651176941028, "stop": 1651176941028}], "attachments": [{"source": "84c469ca-d7dd-4514-87f3-1010dce01364-attachment.png", "type": "image/png"}], "start": 1651176932654, "stop": 1651176941029, "uuid": "9f9ee7a5-8781-40a4-832d-dc7f041b867f", "historyId": "43e4c664dc70acd3619875089a02e08a", "testCaseId": "64111ad14c2a22c601cd1630405f97b9", "fullName": "test_financial_cal_project.Test_Others#test_loan_cal1", "labels": [{"name": "tag", "value": "@pytest.mark.usefixtures('init_mobile_driver')"}, {"name": "suite", "value": "test_financial_cal_project"}, {"name": "subSuite", "value": "Test_Others"}, {"name": "host", "value": "CND0395V7P"}, {"name": "thread", "value": "21808-MainThread"}, {"name": "framework", "value": "pytest"}, {"name": "language", "value": "cpython3"}, {"name": "package", "value": "test_financial_cal_project"}]}