{"name": "test_loan_cal1", "status": "failed", "statusDetails": {"message": "AssertionError: actual is: 808.59, but expected is: expected_res", "trace": "self = <test_cases.test_financial_cal_project.Test_Others object at 0x000002191157F0A0>\n\n    def test_loan_cal1(self):\n>       MobileFlows.loan_calculator(self)\n\ntest_financial_cal_project.py:15: \n_ _ _ _ _ _ _ _ _ _ _ _ _ _ _ _ _ _ _ _ _ _ _ _ _ _ _ _ _ _ _ _ _ _ _ _ _ _ _ _ _ _ _ _ _ _ _ _ _ _ _ _ _ _ _ _ _ _ _ _ _ _ _ _ _\n..\\workfows\\mobile_flows.py:23: in loan_calculator\n    Verifications.verify_equals(page.LoanPage.monthlyPayment(self).text, 'expected_res')\n_ _ _ _ _ _ _ _ _ _ _ _ _ _ _ _ _ _ _ _ _ _ _ _ _ _ _ _ _ _ _ _ _ _ _ _ _ _ _ _ _ _ _ _ _ _ _ _ _ _ _ _ _ _ _ _ _ _ _ _ _ _ _ _ _\n\nactual = '808.59', expected = 'expected_res'\n\n    @staticmethod\n    @allure.step('verify equals')\n    def verify_equals(actual, expected):\n>       assert str(actual) == expected, 'actual is: '+str(actual)+', but expected is: '+str(expected)\nE       AssertionError: actual is: 808.59, but expected is: expected_res\n\n..\\extentions\\verifications.py:9: AssertionError"}, "steps": [{"name": "click", "status": "passed", "parameters": [{"name": "elem", "value": "<appium.webdriver.webelement.WebElement (session=\"38d7cff7-7f7f-4474-8daf-cccf4351b51c\", element=\"332\")>"}], "start": 1651175939620, "stop": 1651175939708}, {"name": "update text", "status": "passed", "parameters": [{"name": "elem", "value": "<appium.webdriver.webelement.WebElement (session=\"38d7cff7-7f7f-4474-8daf-cccf4351b51c\", element=\"333\")>"}, {"name": "value", "value": "'45000'"}], "start": 1651175940802, "stop": 1651175942479}, {"name": "update text", "status": "passed", "parameters": [{"name": "elem", "value": "<appium.webdriver.webelement.WebElement (session=\"38d7cff7-7f7f-4474-8daf-cccf4351b51c\", element=\"334\")>"}, {"name": "value", "value": "'3'"}], "start": 1651175943573, "stop": 1651175944339}, {"name": "update text", "status": "passed", "parameters": [{"name": "elem", "value": "<appium.webdriver.webelement.WebElement (session=\"38d7cff7-7f7f-4474-8daf-cccf4351b51c\", element=\"335\")>"}, {"name": "value", "value": "'5'"}], "start": 1651175945410, "stop": 1651175946223}, {"name": "click", "status": "passed", "parameters": [{"name": "elem", "value": "<appium.webdriver.webelement.WebElement (session=\"38d7cff7-7f7f-4474-8daf-cccf4351b51c\", element=\"336\")>"}], "start": 1651175946847, "stop": 1651175946952}, {"name": "verify equals", "status": "failed", "statusDetails": {"message": "AssertionError: actual is: 808.59, but expected is: expected_res\n", "trace": "  File \"c:\\appiumproject\\venv\\lib\\site-packages\\allure_commons\\_allure.py\", line 172, in impl\n    return func(*a, **kw)\n  File \"C:\\appiumproject\\extentions\\verifications.py\", line 9, in verify_equals\n    assert str(actual) == expected, 'actual is: '+str(actual)+', but expected is: '+str(expected)\n"}, "parameters": [{"name": "actual", "value": "'808.59'"}, {"name": "expected", "value": "'expected_res'"}], "start": 1651175947912, "stop": 1651175947912}], "attachments": [{"source": "7609b95d-b94e-4d7d-a987-fe03afd7fbfb-attachment.png", "type": "image/png"}], "start": 1651175938609, "stop": 1651175947928, "uuid": "da35e17c-d356-467f-a547-8167603b3239", "historyId": "43e4c664dc70acd3619875089a02e08a", "testCaseId": "64111ad14c2a22c601cd1630405f97b9", "fullName": "test_financial_cal_project.Test_Others#test_loan_cal1", "labels": [{"name": "tag", "value": "@pytest.mark.usefixtures('init_mobile_driver')"}, {"name": "suite", "value": "test_financial_cal_project"}, {"name": "subSuite", "value": "Test_Others"}, {"name": "host", "value": "CND0395V7P"}, {"name": "thread", "value": "19620-MainThread"}, {"name": "framework", "value": "pytest"}, {"name": "language", "value": "cpython3"}, {"name": "package", "value": "test_financial_cal_project"}]}