{"name": "test_loan_cal1", "status": "failed", "statusDetails": {"message": "AssertionError: actual is: 808.59, but expected is: expected_res", "trace": "self = <test_cases.test_financial_cal_project.Test_Others object at 0x00000277F8FCF0A0>\n\n    def test_loan_cal1(self):\n>       MobileFlows.loan_calculator(self)\n\ntest_financial_cal_project.py:15: \n_ _ _ _ _ _ _ _ _ _ _ _ _ _ _ _ _ _ _ _ _ _ _ _ _ _ _ _ _ _ _ _ _ _ _ _ _ _ _ _ _ _ _ _ _ _ _ _ _ _ _ _ _ _ _ _ _ _ _ _ _ _ _ _ _\n..\\workfows\\mobile_flows.py:23: in loan_calculator\n    Verifications.verify_equals(page.LoanPage.monthlyPayment(self).text, 'expected_res')\n_ _ _ _ _ _ _ _ _ _ _ _ _ _ _ _ _ _ _ _ _ _ _ _ _ _ _ _ _ _ _ _ _ _ _ _ _ _ _ _ _ _ _ _ _ _ _ _ _ _ _ _ _ _ _ _ _ _ _ _ _ _ _ _ _\n\nactual = '808.59', expected = 'expected_res'\n\n    @staticmethod\n    @allure.step('verify equals')\n    def verify_equals(actual, expected):\n>       assert str(actual) == expected, 'actual is: '+str(actual)+', but expected is: '+str(expected)\nE       AssertionError: actual is: 808.59, but expected is: expected_res\n\n..\\extentions\\verifications.py:9: AssertionError"}, "steps": [{"name": "click", "status": "passed", "parameters": [{"name": "elem", "value": "<appium.webdriver.webelement.WebElement (session=\"522690f1-eec1-415a-aafb-dc3eb193d620\", element=\"395\")>"}], "start": 1651176334686, "stop": 1651176334799}, {"name": "update text", "status": "passed", "parameters": [{"name": "elem", "value": "<appium.webdriver.webelement.WebElement (session=\"522690f1-eec1-415a-aafb-dc3eb193d620\", element=\"396\")>"}, {"name": "value", "value": "'45000'"}], "start": 1651176336261, "stop": 1651176337065}, {"name": "update text", "status": "passed", "parameters": [{"name": "elem", "value": "<appium.webdriver.webelement.WebElement (session=\"522690f1-eec1-415a-aafb-dc3eb193d620\", element=\"397\")>"}, {"name": "value", "value": "'3'"}], "start": 1651176338273, "stop": 1651176339617}, {"name": "update text", "status": "passed", "parameters": [{"name": "elem", "value": "<appium.webdriver.webelement.WebElement (session=\"522690f1-eec1-415a-aafb-dc3eb193d620\", element=\"398\")>"}, {"name": "value", "value": "'5'"}], "start": 1651176340236, "stop": 1651176341570}, {"name": "click", "status": "passed", "parameters": [{"name": "elem", "value": "<appium.webdriver.webelement.WebElement (session=\"522690f1-eec1-415a-aafb-dc3eb193d620\", element=\"399\")>"}], "start": 1651176342208, "stop": 1651176342320}, {"name": "verify equals", "status": "failed", "statusDetails": {"message": "AssertionError: actual is: 808.59, but expected is: expected_res\n", "trace": "  File \"c:\\appiumproject\\venv\\lib\\site-packages\\allure_commons\\_allure.py\", line 172, in impl\n    return func(*a, **kw)\n  File \"C:\\appiumproject\\extentions\\verifications.py\", line 9, in verify_equals\n    assert str(actual) == expected, 'actual is: '+str(actual)+', but expected is: '+str(expected)\n"}, "parameters": [{"name": "actual", "value": "'808.59'"}, {"name": "expected", "value": "'expected_res'"}], "start": 1651176343234, "stop": 1651176343234}], "attachments": [{"source": "b3cc112b-ffaa-4d10-b6fa-d91b2ed381fa-attachment.png", "type": "image/png"}], "start": 1651176333797, "stop": 1651176343235, "uuid": "e95946a5-78e6-422a-ad7b-4ed399cbefc2", "historyId": "43e4c664dc70acd3619875089a02e08a", "testCaseId": "64111ad14c2a22c601cd1630405f97b9", "fullName": "test_financial_cal_project.Test_Others#test_loan_cal1", "labels": [{"name": "tag", "value": "@pytest.mark.usefixtures('init_mobile_driver')"}, {"name": "suite", "value": "test_financial_cal_project"}, {"name": "subSuite", "value": "Test_Others"}, {"name": "host", "value": "CND0395V7P"}, {"name": "thread", "value": "2180-MainThread"}, {"name": "framework", "value": "pytest"}, {"name": "language", "value": "cpython3"}, {"name": "package", "value": "test_financial_cal_project"}]}